C51 COMPILER V9.54   AT24C02                                                               04/13/2024 21:51:24 PAGE 1   


C51 COMPILER V9.54, COMPILATION OF MODULE AT24C02
OBJECT MODULE PLACED IN .\Objects\AT24C02.obj
COMPILER INVOKED BY: C:\Keil_v5\C51\BIN\C51.EXE AT24C02.c OPTIMIZE(8,SPEED) BROWSE DEBUG OBJECTEXTEND PRINT(.\Listings\A
                    -T24C02.lst) TABS(2) OBJECT(.\Objects\AT24C02.obj)

line level    source

   1          #include <REGX52.H>
   2          #include "I2C.h"
   3          //P2_0接J4的SCL
   4          
   5          #define AT24302_ADDRESS     0xa0
   6          /**
   7            * @brief  AT2402写入一个字节
   8            * @param WordAddress 要写入的字节的地址
   9            * @param Data 要写入的数据
  10            * @retval 无
  11            */
  12          
  13          void AT24C02_WriteByte(unsigned char WordAddress,Data)
  14          {
  15   1        I2C_Start();
  16   1        I2C_SendByte(AT24302_ADDRESS);
  17   1        I2C_ReceiveAck();
  18   1        I2C_SendByte(WordAddress);
  19   1        I2C_ReceiveAck();
  20   1        I2C_SendByte(Data);
  21   1        I2C_ReceiveAck();
  22   1        I2C_Stop();
  23   1      
  24   1      }
  25          /**
  26            * @brief  AT2402读取一个字节
  27            * @param WordAddress 要写入的字节的地址
  28            * @retval Data要读出的数据
  29            */
  30          
  31          unsigned char AT24C02_ReadByte(unsigned char WordAddress)
  32          {
  33   1        unsigned char Data;
  34   1        I2C_Start();
  35   1        I2C_SendByte(AT24302_ADDRESS);
  36   1        I2C_ReceiveAck();
  37   1        I2C_SendByte(WordAddress);
  38   1        I2C_ReceiveAck();
  39   1        I2C_Start();
  40   1        I2C_SendByte(AT24302_ADDRESS|0x01);
  41   1        I2C_ReceiveAck();
  42   1        Data=I2C_ReceiveByte();
  43   1        I2C_SendAck(1);
  44   1        I2C_Stop();
  45   1      
  46   1        return Data;
  47   1      }


MODULE INFORMATION:   STATIC OVERLAYABLE
   CODE SIZE        =     84    ----
   CONSTANT SIZE    =   ----    ----
   XDATA SIZE       =   ----    ----
   PDATA SIZE       =   ----    ----
C51 COMPILER V9.54   AT24C02                                                               04/13/2024 21:51:24 PAGE 2   

   DATA SIZE        =   ----       5
   IDATA SIZE       =   ----    ----
   BIT SIZE         =   ----    ----
END OF MODULE INFORMATION.


C51 COMPILATION COMPLETE.  0 WARNING(S),  0 ERROR(S)
