C51 COMPILER V9.54   I2C                                                                   04/13/2024 21:51:24 PAGE 1   


C51 COMPILER V9.54, COMPILATION OF MODULE I2C
OBJECT MODULE PLACED IN .\Objects\I2C.obj
COMPILER INVOKED BY: C:\Keil_v5\C51\BIN\C51.EXE I2C.c OPTIMIZE(8,SPEED) BROWSE DEBUG OBJECTEXTEND PRINT(.\Listings\I2C.l
                    -st) TABS(2) OBJECT(.\Objects\I2C.obj)

line level    source

   1          #include <REGX52.H>
   2          //P2_0接J4的SCL
   3          
   4          sbit I2C_SCL=P2^0;
   5          sbit I2C_SDA=P2^1;
   6          /**
   7            * @brief  I2C开始
   8            * @param 无
   9            * @retval 无
  10            */
  11          
  12          void I2C_Start()
  13          {
  14   1        I2C_SDA=1;
  15   1        I2C_SCL=1;
  16   1        I2C_SDA=0;
  17   1        I2C_SCL=0;
  18   1      }
  19          /**
  20            * @brief  I2C停止
  21            * @param 无
  22            * @retval 无
  23            */
  24          
  25          void I2C_Stop()
  26          {
  27   1        I2C_SDA=0;
  28   1        I2C_SCL=1;
  29   1        I2C_SDA=1;
  30   1      }
  31          /**
  32            * @brief  I2C发送一个字节
  33            * @param Byte要发送的字节
  34            * @retval 无
  35            */
  36          
  37          void I2C_SendByte(unsigned char Byte)
  38          {
  39   1        unsigned char i;
  40   1        for (i=0;i<8;i++)
  41   1        {
  42   2        I2C_SDA=Byte&(0x80>>i);
  43   2        I2C_SCL=1;
  44   2        I2C_SCL=0;
  45   2        }
  46   1      }
  47          /**
  48            * @brief  I2C接受一个字节
  49            * @param 无
  50            * @retval 接受到的一个字节数据
  51            */
  52          
  53          unsigned char I2C_ReceiveByte()
  54          {
C51 COMPILER V9.54   I2C                                                                   04/13/2024 21:51:24 PAGE 2   

  55   1        unsigned char i,Byte=0x00;
  56   1        I2C_SDA=1;
  57   1        for(i=0;i<8;i++)
  58   1        {
  59   2        I2C_SCL=1;
  60   2        if(I2C_SDA){Byte|=(0x80>>i);}
  61   2        I2C_SCL=0;
  62   2        }
  63   1        return Byte;
  64   1      }
  65          /**
  66            * @brief  I2C发送应答
  67          * @param AckBit 应答位，0为应答，1为非应答
  68            * @retval 无
  69            */
  70          
  71          void I2C_SendAck(unsigned char AckBit)
  72          {
  73   1        I2C_SDA=AckBit;
  74   1        I2C_SCL=1;
  75   1        I2C_SCL=0;
  76   1      }
  77          /**
  78            * @brief  I2C接受应答位
  79            * @param 无
  80            * @retval 接受到的应答位，0为应答，1为非应答
  81            */
  82          
  83          unsigned char I2C_ReceiveAck()
  84          {
  85   1        unsigned char AckBit;
  86   1        I2C_SDA=1;
  87   1        I2C_SCL=1;
  88   1        AckBit=I2C_SDA;
  89   1        I2C_SCL=0;
  90   1        return AckBit;
  91   1      }


MODULE INFORMATION:   STATIC OVERLAYABLE
   CODE SIZE        =    109    ----
   CONSTANT SIZE    =   ----    ----
   XDATA SIZE       =   ----    ----
   PDATA SIZE       =   ----    ----
   DATA SIZE        =   ----    ----
   IDATA SIZE       =   ----    ----
   BIT SIZE         =   ----    ----
END OF MODULE INFORMATION.


C51 COMPILATION COMPLETE.  0 WARNING(S),  0 ERROR(S)
