C51 COMPILER V9.54   NIXIE                                                                 04/13/2024 21:58:00 PAGE 1   


C51 COMPILER V9.54, COMPILATION OF MODULE NIXIE
OBJECT MODULE PLACED IN .\Objects\Nixie.obj
COMPILER INVOKED BY: C:\Keil_v5\C51\BIN\C51.EXE Nixie.c OPTIMIZE(8,SPEED) BROWSE DEBUG OBJECTEXTEND PRINT(.\Listings\Nix
                    -ie.lst) TABS(2) OBJECT(.\Objects\Nixie.obj)

line level    source

   1          #include <REGX52.H>
   2          #include "Delay.h"
   3          //P3_0接J9的C,P0_0接J6的Dp
   4          unsigned char Nixie_Buf[9]={0,10,10,10,10,10,10,10,10};
   5          
   6          void Nixie_SetBuf(unsigned char Location,Number)
   7          {
   8   1        Nixie_Buf[Location]=Number;
   9   1      }
  10          
  11          unsigned char NixieTable[] = {0xfc,0x60,0xda,0xf2,0x66,0xb6,0xbe,0xe0,0xfe,0xf6,0x00,0x02};
  12          //数码管段选表                  0   1    2    3    4    5    6    7    8    9  不显示 横杠
  13          void Nixie_Scan(unsigned char Location,Number)
  14          {
  15   1        P0=0x00;
  16   1        switch(Location)
  17   1        {
  18   2          case 1:P3_0=0;P3_1=0;P3_2=0;break;
  19   2          case 2:P3_0=0;P3_1=0;P3_2=1;break;
  20   2          case 3:P3_0=0;P3_1=1;P3_2=0;break;
  21   2          case 4:P3_0=0;P3_1=1;P3_2=1;break;
  22   2          case 5:P3_0=1;P3_1=0;P3_2=0;break;
  23   2          case 6:P3_0=1;P3_1=0;P3_2=1;break;
  24   2          case 7:P3_0=1;P3_1=1;P3_2=0;break;
  25   2          case 8:P3_0=1;P3_1=1;P3_2=1;break;
  26   2        }
  27   1        P0=NixieTable[Number];
  28   1      }
  29          void Nixie_Loop(void)
  30          {
  31   1        static unsigned char i=1;
  32   1        Nixie_Scan(i,Nixie_Buf[i]);
  33   1        i++;
  34   1        if(i>8){i=1;}
  35   1      } 


MODULE INFORMATION:   STATIC OVERLAYABLE
   CODE SIZE        =    138    ----
   CONSTANT SIZE    =   ----    ----
   XDATA SIZE       =   ----    ----
   PDATA SIZE       =   ----    ----
   DATA SIZE        =     22    ----
   IDATA SIZE       =   ----    ----
   BIT SIZE         =   ----    ----
END OF MODULE INFORMATION.


C51 COMPILATION COMPLETE.  0 WARNING(S),  0 ERROR(S)
